<?xml version="1.0" encoding="UTF-8"?>
<!-- Generated by org.testng.reporters.JUnitReportReporter -->
<testsuite hostname="Litesh" failures="0" tests="3" name="com.tka.LoginAutomation" time="0.866" errors="0" timestamp="2024-12-02T23:12:20 IST" skipped="0">
  <testcase classname="com.tka.LoginAutomation" name="testtologinintosysytem" time="0.532"/>
  <system-out/>
  <testcase classname="com.tka.LoginAutomation" name="testheading1" time="0.088"/>
  <system-out/>
  <testcase classname="com.tka.LoginAutomation" name="testlogininvalidError" time="0.246"/>
  <system-out/>
</testsuite> <!-- com.tka.LoginAutomation -->
