<?xml version="1.0" encoding="UTF-8"?>
<!-- Generated by org.testng.reporters.JUnitReportReporter -->
<testsuite hostname="Litesh" failures="0" tests="3" name="com.tka.AdminPage" time="0.217" errors="0" timestamp="2024-12-02T23:12:20 IST" skipped="0">
  <testcase classname="com.tka.AdminPage" name="testHeadingAdminPage" time="0.027"/>
  <system-out/>
  <testcase classname="com.tka.AdminPage" name="testcatagory" time="0.019"/>
  <system-out/>
  <testcase classname="com.tka.AdminPage" name="testaddcatagory" time="0.171"/>
  <system-out/>
</testsuite> <!-- com.tka.AdminPage -->
